build/app/intermediates/manifest_merge_blame_file/release/manifest-merger-blame-release-report.txt
1<?xml version="1.0" encoding="utf-8"?>
2<manifest xmlns:android="http://schemas.android.com/apk/res/android"
3    package="com.example.lojavirtual.flutter_loja_ultimo"
4    android:versionCode="1"
5    android:versionName="1.0.0" >
6
7    <uses-sdk
8        android:minSdkVersion="16"
8-->src\main\AndroidManifest.xml
9        android:targetSdkVersion="29" />
9-->src\main\AndroidManifest.xml
10    <!--
11         io.flutter.app.FlutterApplication is an android.app.Application that
12         calls FlutterMain.startInitialization(this); in its onCreate method.
13         In most cases you can leave this as-is, but you if you want to provide
14         additional functionality it is fine to subclass or reimplement
15         FlutterApplication and put your custom class here.
16    -->
17
18    <permission android:name="android.permission.WRITE_EXTERNAL_STORAGE" />
18-->src\main\AndroidManifest.xml:9:5-75
18-->src\main\AndroidManifest.xml:9:17-73
19
20    <uses-permission android:name="android.permission.INTERNET" />
20-->src\main\AndroidManifest.xml:10:5-66
20-->src\main\AndroidManifest.xml:10:22-64
21    <uses-permission android:name="android.permission.ACCESS_FINE_LOCATION" />
21-->[:geolocator] AndroidManifest.xml:7:5-79
21-->[:geolocator] AndroidManifest.xml:7:22-76
22    <uses-permission android:name="android.permission.READ_EXTERNAL_STORAGE" />
22-->[:image_picker] AndroidManifest.xml:7:5-80
22-->[:image_picker] AndroidManifest.xml:7:22-77
23    <uses-permission android:name="android.permission.WRITE_EXTERNAL_STORAGE" />
23-->[:image_picker] AndroidManifest.xml:8:5-81
23-->[:image_picker] AndroidManifest.xml:8:22-78
24    <uses-permission android:name="android.permission.VIBRATE" />
24-->[:vibration] AndroidManifest.xml:7:5-66
24-->[:vibration] AndroidManifest.xml:7:22-63
25    <uses-permission android:name="android.permission.ACCESS_NETWORK_STATE" />
25-->[com.google.firebase:firebase-auth:20.0.1] AndroidManifest.xml:24:5-79
25-->[com.google.firebase:firebase-auth:20.0.1] AndroidManifest.xml:24:22-76
26
27    <application
27-->src\main\AndroidManifest.xml:12:5-74:19
28        android:name="io.flutter.app.FlutterApplication"
28-->src\main\AndroidManifest.xml:13:9-57
29        android:appComponentFactory="androidx.core.app.CoreComponentFactory"
29-->[androidx.core:core:1.3.2] AndroidManifest.xml:24:18-86
30        android:icon="@mipmap/ic_launcher"
30-->src\main\AndroidManifest.xml:15:9-43
31        android:label="flutter_loja_ultimo"
31-->src\main\AndroidManifest.xml:14:9-44
32        android:supportsRtl="true" >
32-->[com.facebook.android:facebook-login:5.5.1] AndroidManifest.xml:28:18-44
33        <activity
33-->src\main\AndroidManifest.xml:16:9-44:20
34            android:name="com.example.lojavirtual.flutter_loja_ultimo.MainActivity"
34-->src\main\AndroidManifest.xml:17:13-41
35            android:configChanges="orientation|keyboardHidden|keyboard|screenSize|smallestScreenSize|locale|layoutDirection|fontScale|screenLayout|density|uiMode"
35-->src\main\AndroidManifest.xml:20:13-163
36            android:hardwareAccelerated="true"
36-->src\main\AndroidManifest.xml:21:13-47
37            android:launchMode="singleTop"
37-->src\main\AndroidManifest.xml:18:13-43
38            android:theme="@style/LaunchTheme"
38-->src\main\AndroidManifest.xml:19:13-47
39            android:windowSoftInputMode="adjustResize" >
39-->src\main\AndroidManifest.xml:22:13-55
40
41            <!--
42                 Specifies an Android theme to apply to this Activity as soon as
43                 the Android process has started. This theme is visible to the user
44                 while the Flutter UI initializes. After that, this theme continues
45                 to determine the Window background behind the Flutter UI.
46            -->
47            <meta-data
47-->src\main\AndroidManifest.xml:27:13-30:17
48                android:name="io.flutter.embedding.android.NormalTheme"
48-->src\main\AndroidManifest.xml:28:15-70
49                android:resource="@style/NormalTheme" />
49-->src\main\AndroidManifest.xml:29:15-52
50            <!--
51                 Displays an Android View that continues showing the launch screen
52                 Drawable until Flutter paints its first frame, then this splash
53                 screen fades out. A splash screen is useful to avoid any visual
54                 gap between the end of Android's launch screen and the painting of
55                 Flutter's first frame.
56            -->
57            <meta-data
57-->src\main\AndroidManifest.xml:36:13-39:17
58                android:name="io.flutter.embedding.android.SplashScreenDrawable"
58-->src\main\AndroidManifest.xml:37:15-79
59                android:resource="@drawable/launch_background" />
59-->src\main\AndroidManifest.xml:38:15-61
60
61            <intent-filter>
61-->src\main\AndroidManifest.xml:40:13-43:29
62                <action android:name="android.intent.action.MAIN" />
62-->src\main\AndroidManifest.xml:41:17-68
62-->src\main\AndroidManifest.xml:41:25-66
63
64                <category android:name="android.intent.category.LAUNCHER" />
64-->src\main\AndroidManifest.xml:42:17-76
64-->src\main\AndroidManifest.xml:42:27-74
65            </intent-filter>
66        </activity>
67        <!--
68             Don't delete the meta-data below.
69             This is used by the Flutter tool to generate GeneratedPluginRegistrant.java
70        -->
71        <meta-data
71-->src\main\AndroidManifest.xml:47:9-49:33
72            android:name="flutterEmbedding"
72-->src\main\AndroidManifest.xml:48:13-44
73            android:value="2" />
73-->src\main\AndroidManifest.xml:49:13-30
74
75        <activity
75-->src\main\AndroidManifest.xml:51:9-54:71
76            android:name="com.yalantis.ucrop.UCropActivity"
76-->src\main\AndroidManifest.xml:52:13-60
77            android:screenOrientation="portrait"
77-->src\main\AndroidManifest.xml:53:13-49
78            android:theme="@style/Theme.AppCompat.Light.NoActionBar" />
78-->src\main\AndroidManifest.xml:54:13-69
79
80        <meta-data
80-->src\main\AndroidManifest.xml:56:9-57:54
81            android:name="com.facebook.sdk.ApplicationId"
81-->src\main\AndroidManifest.xml:56:20-65
82            android:value="@string/facebook_app_id" />
82-->src\main\AndroidManifest.xml:57:13-52
83
84        <activity
84-->src\main\AndroidManifest.xml:59:9-62:48
85            android:name="com.facebook.FacebookActivity"
85-->src\main\AndroidManifest.xml:59:19-63
86            android:configChanges="keyboard|keyboardHidden|screenLayout|screenSize|orientation"
86-->src\main\AndroidManifest.xml:60:13-114
87            android:label="@string/app_name"
87-->src\main\AndroidManifest.xml:62:13-45
88            android:theme="@style/com_facebook_activity_theme" />
88-->[com.facebook.android:facebook-common:5.5.1] AndroidManifest.xml:32:13-63
89        <activity
89-->src\main\AndroidManifest.xml:64:9-73:20
90            android:name="com.facebook.CustomTabActivity"
90-->src\main\AndroidManifest.xml:65:13-58
91            android:exported="true" >
91-->src\main\AndroidManifest.xml:66:13-36
92            <intent-filter>
92-->src\main\AndroidManifest.xml:67:13-72:29
93                <action android:name="android.intent.action.VIEW" />
93-->src\main\AndroidManifest.xml:68:17-69
93-->src\main\AndroidManifest.xml:68:25-66
94
95                <category android:name="android.intent.category.DEFAULT" />
95-->src\main\AndroidManifest.xml:69:17-76
95-->src\main\AndroidManifest.xml:69:27-73
96                <category android:name="android.intent.category.BROWSABLE" />
96-->src\main\AndroidManifest.xml:70:17-78
96-->src\main\AndroidManifest.xml:70:27-75
97
98                <data android:scheme="@string/fb_login_protocol_scheme" />
98-->src\main\AndroidManifest.xml:71:17-75
98-->src\main\AndroidManifest.xml:71:23-72
99            </intent-filter>
100        </activity>
101
102        <service
102-->[:firebase_storage] AndroidManifest.xml:8:9-12:19
103            android:name="com.google.firebase.components.ComponentDiscoveryService"
103-->[:firebase_storage] AndroidManifest.xml:8:18-89
104            android:directBootAware="true"
104-->[com.google.firebase:firebase-common:19.5.0] AndroidManifest.xml:35:13-43
105            android:exported="false" >
105-->[com.google.firebase:firebase-auth:20.0.1] AndroidManifest.xml:76:13-37
106            <meta-data
106-->[:firebase_storage] AndroidManifest.xml:9:13-11:85
107                android:name="com.google.firebase.components:io.flutter.plugins.firebase.storage.FlutterFirebaseAppRegistrar"
107-->[:firebase_storage] AndroidManifest.xml:10:17-126
108                android:value="com.google.firebase.components.ComponentRegistrar" />
108-->[:firebase_storage] AndroidManifest.xml:11:17-82
109            <meta-data
109-->[:cloud_firestore] AndroidManifest.xml:9:13-11:85
110                android:name="com.google.firebase.components:io.flutter.plugins.firebase.cloudfirestore.FlutterFirebaseAppRegistrar"
110-->[:cloud_firestore] AndroidManifest.xml:10:17-133
111                android:value="com.google.firebase.components.ComponentRegistrar" />
111-->[:cloud_firestore] AndroidManifest.xml:11:17-82
112            <meta-data
112-->[:firebase_auth] AndroidManifest.xml:9:13-11:85
113                android:name="com.google.firebase.components:io.flutter.plugins.firebaseauth.FlutterFirebaseAppRegistrar"
113-->[:firebase_auth] AndroidManifest.xml:10:17-122
114                android:value="com.google.firebase.components.ComponentRegistrar" />
114-->[:firebase_auth] AndroidManifest.xml:11:17-82
115            <meta-data
115-->[:firebase_core] AndroidManifest.xml:9:13-11:85
116                android:name="com.google.firebase.components:io.flutter.plugins.firebase.core.FlutterFirebaseAppRegistrar"
116-->[:firebase_core] AndroidManifest.xml:10:17-123
117                android:value="com.google.firebase.components.ComponentRegistrar" />
117-->[:firebase_core] AndroidManifest.xml:11:17-82
118            <meta-data
118-->[com.google.firebase:firebase-auth:20.0.1] AndroidManifest.xml:77:13-79:85
119                android:name="com.google.firebase.components:com.google.firebase.auth.FirebaseAuthRegistrar"
119-->[com.google.firebase:firebase-auth:20.0.1] AndroidManifest.xml:78:17-109
120                android:value="com.google.firebase.components.ComponentRegistrar" />
120-->[com.google.firebase:firebase-auth:20.0.1] AndroidManifest.xml:79:17-82
121            <meta-data
121-->[com.google.firebase:firebase-firestore:22.0.1] AndroidManifest.xml:20:13-22:85
122                android:name="com.google.firebase.components:com.google.firebase.firestore.FirestoreRegistrar"
122-->[com.google.firebase:firebase-firestore:22.0.1] AndroidManifest.xml:21:17-111
123                android:value="com.google.firebase.components.ComponentRegistrar" />
123-->[com.google.firebase:firebase-firestore:22.0.1] AndroidManifest.xml:22:17-82
124            <meta-data
124-->[com.google.firebase:firebase-storage:19.2.1] AndroidManifest.xml:33:13-35:85
125                android:name="com.google.firebase.components:com.google.firebase.storage.StorageRegistrar"
125-->[com.google.firebase:firebase-storage:19.2.1] AndroidManifest.xml:34:17-107
126                android:value="com.google.firebase.components.ComponentRegistrar" />
126-->[com.google.firebase:firebase-storage:19.2.1] AndroidManifest.xml:35:17-82
127            <!--
128                This registrar is not defined in the dynamic-module-support sdk itself to allow non-firebase
129                clients to use it as well, by defining this registrar in their own core/common library.
130            -->
131            <meta-data
131-->[com.google.firebase:firebase-common:19.5.0] AndroidManifest.xml:43:13-45:85
132                android:name="com.google.firebase.components:com.google.firebase.dynamicloading.DynamicLoadingRegistrar"
132-->[com.google.firebase:firebase-common:19.5.0] AndroidManifest.xml:44:17-121
133                android:value="com.google.firebase.components.ComponentRegistrar" />
133-->[com.google.firebase:firebase-common:19.5.0] AndroidManifest.xml:45:17-82
134        </service>
135
136        <provider
136-->[:image_picker] AndroidManifest.xml:11:9-19:20
137            android:name="io.flutter.plugins.imagepicker.ImagePickerFileProvider"
137-->[:image_picker] AndroidManifest.xml:12:13-82
138            android:authorities="com.example.lojavirtual.flutter_loja_ultimo.flutter.image_provider"
138-->[:image_picker] AndroidManifest.xml:13:13-74
139            android:exported="false"
139-->[:image_picker] AndroidManifest.xml:14:13-37
140            android:grantUriPermissions="true" >
140-->[:image_picker] AndroidManifest.xml:15:13-47
141            <meta-data
141-->[:image_picker] AndroidManifest.xml:16:13-18:75
142                android:name="android.support.FILE_PROVIDER_PATHS"
142-->[:image_picker] AndroidManifest.xml:17:17-67
143                android:resource="@xml/flutter_image_picker_file_paths" />
143-->[:image_picker] AndroidManifest.xml:18:17-72
144        </provider>
145
146        <activity
146-->[com.google.firebase:firebase-auth:20.0.1] AndroidManifest.xml:27:9-44:20
147            android:name="com.google.firebase.auth.internal.GenericIdpActivity"
147-->[com.google.firebase:firebase-auth:20.0.1] AndroidManifest.xml:28:13-80
148            android:excludeFromRecents="true"
148-->[com.google.firebase:firebase-auth:20.0.1] AndroidManifest.xml:29:13-46
149            android:exported="true"
149-->[com.google.firebase:firebase-auth:20.0.1] AndroidManifest.xml:30:13-36
150            android:launchMode="singleTask"
150-->[com.google.firebase:firebase-auth:20.0.1] AndroidManifest.xml:31:13-44
151            android:theme="@android:style/Theme.Translucent.NoTitleBar" >
151-->[com.google.firebase:firebase-auth:20.0.1] AndroidManifest.xml:32:13-72
152            <intent-filter>
152-->[com.google.firebase:firebase-auth:20.0.1] AndroidManifest.xml:33:13-43:29
153                <action android:name="android.intent.action.VIEW" />
153-->src\main\AndroidManifest.xml:68:17-69
153-->src\main\AndroidManifest.xml:68:25-66
154
155                <category android:name="android.intent.category.DEFAULT" />
155-->src\main\AndroidManifest.xml:69:17-76
155-->src\main\AndroidManifest.xml:69:27-73
156                <category android:name="android.intent.category.BROWSABLE" />
156-->src\main\AndroidManifest.xml:70:17-78
156-->src\main\AndroidManifest.xml:70:27-75
157
158                <data
158-->src\main\AndroidManifest.xml:71:17-75
159                    android:host="firebase.auth"
160                    android:path="/"
161                    android:scheme="genericidp" />
161-->src\main\AndroidManifest.xml:71:23-72
162            </intent-filter>
163        </activity>
164        <activity
164-->[com.google.firebase:firebase-auth:20.0.1] AndroidManifest.xml:45:9-62:20
165            android:name="com.google.firebase.auth.internal.RecaptchaActivity"
165-->[com.google.firebase:firebase-auth:20.0.1] AndroidManifest.xml:46:13-79
166            android:excludeFromRecents="true"
166-->[com.google.firebase:firebase-auth:20.0.1] AndroidManifest.xml:47:13-46
167            android:exported="true"
167-->[com.google.firebase:firebase-auth:20.0.1] AndroidManifest.xml:48:13-36
168            android:launchMode="singleTask"
168-->[com.google.firebase:firebase-auth:20.0.1] AndroidManifest.xml:49:13-44
169            android:theme="@android:style/Theme.Translucent.NoTitleBar" >
169-->[com.google.firebase:firebase-auth:20.0.1] AndroidManifest.xml:50:13-72
170            <intent-filter>
170-->[com.google.firebase:firebase-auth:20.0.1] AndroidManifest.xml:51:13-61:29
171                <action android:name="android.intent.action.VIEW" />
171-->src\main\AndroidManifest.xml:68:17-69
171-->src\main\AndroidManifest.xml:68:25-66
172
173                <category android:name="android.intent.category.DEFAULT" />
173-->src\main\AndroidManifest.xml:69:17-76
173-->src\main\AndroidManifest.xml:69:27-73
174                <category android:name="android.intent.category.BROWSABLE" />
174-->src\main\AndroidManifest.xml:70:17-78
174-->src\main\AndroidManifest.xml:70:27-75
175
176                <data
176-->src\main\AndroidManifest.xml:71:17-75
177                    android:host="firebase.auth"
178                    android:path="/"
179                    android:scheme="recaptcha" />
179-->src\main\AndroidManifest.xml:71:23-72
180            </intent-filter>
181        </activity>
182
183        <service
183-->[com.google.firebase:firebase-auth:20.0.1] AndroidManifest.xml:64:9-73:19
184            android:name="com.google.firebase.auth.api.fallback.service.FirebaseAuthFallbackService"
184-->[com.google.firebase:firebase-auth:20.0.1] AndroidManifest.xml:65:13-101
185            android:enabled="true"
185-->[com.google.firebase:firebase-auth:20.0.1] AndroidManifest.xml:66:13-35
186            android:exported="false" >
186-->[com.google.firebase:firebase-auth:20.0.1] AndroidManifest.xml:67:13-37
187            <intent-filter>
187-->[com.google.firebase:firebase-auth:20.0.1] AndroidManifest.xml:68:13-72:29
188                <action android:name="com.google.firebase.auth.api.gms.service.START" />
188-->[com.google.firebase:firebase-auth:20.0.1] AndroidManifest.xml:69:17-89
188-->[com.google.firebase:firebase-auth:20.0.1] AndroidManifest.xml:69:25-86
189
190                <category android:name="android.intent.category.DEFAULT" />
190-->src\main\AndroidManifest.xml:69:17-76
190-->src\main\AndroidManifest.xml:69:27-73
191            </intent-filter>
192        </service>
193
194        <provider
194-->[com.google.firebase:firebase-common:19.5.0] AndroidManifest.xml:26:9-31:39
195            android:name="com.google.firebase.provider.FirebaseInitProvider"
195-->[com.google.firebase:firebase-common:19.5.0] AndroidManifest.xml:27:13-77
196            android:authorities="com.example.lojavirtual.flutter_loja_ultimo.firebaseinitprovider"
196-->[com.google.firebase:firebase-common:19.5.0] AndroidManifest.xml:28:13-72
197            android:directBootAware="true"
197-->[com.google.firebase:firebase-common:19.5.0] AndroidManifest.xml:29:13-43
198            android:exported="false"
198-->[com.google.firebase:firebase-common:19.5.0] AndroidManifest.xml:30:13-37
199            android:initOrder="100" />
199-->[com.google.firebase:firebase-common:19.5.0] AndroidManifest.xml:31:13-36
200
201        <activity
201-->[com.google.android.gms:play-services-base:17.2.1] AndroidManifest.xml:23:9-26:75
202            android:name="com.google.android.gms.common.api.GoogleApiActivity"
202-->[com.google.android.gms:play-services-base:17.2.1] AndroidManifest.xml:24:13-79
203            android:exported="false"
203-->[com.google.android.gms:play-services-base:17.2.1] AndroidManifest.xml:25:13-37
204            android:theme="@android:style/Theme.Translucent.NoTitleBar" />
204-->[com.google.android.gms:play-services-base:17.2.1] AndroidManifest.xml:26:13-72
205        <activity android:name="com.facebook.CustomTabMainActivity" />
205-->[com.facebook.android:facebook-common:5.5.1] AndroidManifest.xml:33:9-71
205-->[com.facebook.android:facebook-common:5.5.1] AndroidManifest.xml:33:19-68
206
207        <meta-data
207-->[com.google.android.gms:play-services-basement:17.2.1] AndroidManifest.xml:23:9-25:69
208            android:name="com.google.android.gms.version"
208-->[com.google.android.gms:play-services-basement:17.2.1] AndroidManifest.xml:24:13-58
209            android:value="@integer/google_play_services_version" />
209-->[com.google.android.gms:play-services-basement:17.2.1] AndroidManifest.xml:25:13-66
210        <!--
211         The initialization ContentProvider will call FacebookSdk.sdkInitialize automatically
212         with the application context. This config is merged in with the host app's manifest,
213         but there can only be one provider with the same authority activated at any given
214         point; so if the end user has two or more different apps that use Facebook SDK, only the
215         first one will be able to use the provider. To work around this problem, we use the
216         following placeholder in the authority to identify each host application as if it was
217         a completely different provider.
218        -->
219        <provider
219-->[com.facebook.android:facebook-core:5.5.1] AndroidManifest.xml:39:9-42:40
220            android:name="com.facebook.internal.FacebookInitProvider"
220-->[com.facebook.android:facebook-core:5.5.1] AndroidManifest.xml:40:13-70
221            android:authorities="com.example.lojavirtual.flutter_loja_ultimo.FacebookInitProvider"
221-->[com.facebook.android:facebook-core:5.5.1] AndroidManifest.xml:41:13-72
222            android:exported="false" />
222-->[com.facebook.android:facebook-core:5.5.1] AndroidManifest.xml:42:13-37
223
224        <receiver
224-->[com.facebook.android:facebook-core:5.5.1] AndroidManifest.xml:44:9-50:20
225            android:name="com.facebook.CurrentAccessTokenExpirationBroadcastReceiver"
225-->[com.facebook.android:facebook-core:5.5.1] AndroidManifest.xml:45:13-86
226            android:exported="false" >
226-->[com.facebook.android:facebook-core:5.5.1] AndroidManifest.xml:46:13-37
227            <intent-filter>
227-->[com.facebook.android:facebook-core:5.5.1] AndroidManifest.xml:47:13-49:29
228                <action android:name="com.facebook.sdk.ACTION_CURRENT_ACCESS_TOKEN_CHANGED" />
228-->[com.facebook.android:facebook-core:5.5.1] AndroidManifest.xml:48:17-95
228-->[com.facebook.android:facebook-core:5.5.1] AndroidManifest.xml:48:25-92
229            </intent-filter>
230        </receiver>
231        <receiver
231-->[com.facebook.android:facebook-core:5.5.1] AndroidManifest.xml:51:9-58:20
232            android:name="com.facebook.CampaignTrackingReceiver"
232-->[com.facebook.android:facebook-core:5.5.1] AndroidManifest.xml:52:13-65
233            android:exported="true"
233-->[com.facebook.android:facebook-core:5.5.1] AndroidManifest.xml:53:13-36
234            android:permission="android.permission.INSTALL_PACKAGES" >
234-->[com.facebook.android:facebook-core:5.5.1] AndroidManifest.xml:54:13-69
235            <intent-filter>
235-->[com.facebook.android:facebook-core:5.5.1] AndroidManifest.xml:55:13-57:29
236                <action android:name="com.android.vending.INSTALL_REFERRER" />
236-->[com.facebook.android:facebook-core:5.5.1] AndroidManifest.xml:56:17-79
236-->[com.facebook.android:facebook-core:5.5.1] AndroidManifest.xml:56:25-76
237            </intent-filter>
238        </receiver>
239    </application>
240
241</manifest>